[     348ms] [LOG] [Fast Refresh] rebuilding @ http://localhost:3000/_next/static/chunks/node_modules_next_dist_f3530cac._.js:2297
[    2990ms] [LOG] [Fast Refresh] done in 2743ms @ http://localhost:3000/_next/static/chunks/node_modules_next_dist_f3530cac._.js:2297
[    4282ms] [INFO] %cDownload the React DevTools for a better development experience: https://react.dev/link/react-devtools font-weight:bold @ http://localhost:3000/_next/static/chunks/node_modules_next_dist_f3530cac._.js:2297
[    4519ms] [LOG] [HMR] connected @ http://localhost:3000/_next/static/chunks/node_modules_next_dist_f3530cac._.js:2297
[    5616ms] [LOG] [Fast Refresh] rebuilding @ http://localhost:3000/_next/static/chunks/node_modules_next_dist_f3530cac._.js:2297
[    5653ms] [LOG] [Fast Refresh] done in 182ms @ http://localhost:3000/_next/static/chunks/node_modules_next_dist_f3530cac._.js:2297
[   31296ms] [LOG] [Fast Refresh] rebuilding @ http://localhost:3000/_next/static/chunks/node_modules_next_dist_f3530cac._.js:2297
[   31369ms] [LOG] [Fast Refresh] done in 174ms @ http://localhost:3000/_next/static/chunks/node_modules_next_dist_f3530cac._.js:2297
[   47079ms] [LOG] [Fast Refresh] rebuilding @ http://localhost:3000/_next/static/chunks/node_modules_next_dist_f3530cac._.js:2297
[   62689ms] [ERROR] Failed to load resource: the server responded with a status of 500 (Internal Server Error) @ http://localhost:3000/api/loans/cmnay5fij000ql79kzzjrnvs8:0
[   63098ms] [LOG] [Fast Refresh] done in 16121ms @ http://localhost:3000/_next/static/chunks/node_modules_next_dist_f3530cac._.js:2297
[  157274ms] [ERROR] WebSocket connection to 'ws://localhost:3000/_next/webpack-hmr?id=iIOtDMI1zDrSMjnWCpwl8' failed: Error in connection establishment: net::ERR_CONNECTION_REFUSED @ http://localhost:3000/_next/static/chunks/node_modules_next_dist_client_17643121._.js:10878
[  158278ms] [ERROR] WebSocket connection to 'ws://localhost:3000/_next/webpack-hmr?id=iIOtDMI1zDrSMjnWCpwl8' failed: Error in connection establishment: net::ERR_CONNECTION_REFUSED @ http://localhost:3000/_next/static/chunks/node_modules_next_dist_client_17643121._.js:10878
[  159280ms] [ERROR] WebSocket connection to 'ws://localhost:3000/_next/webpack-hmr?id=iIOtDMI1zDrSMjnWCpwl8' failed: Error in connection establishment: net::ERR_CONNECTION_REFUSED @ http://localhost:3000/_next/static/chunks/node_modules_next_dist_client_17643121._.js:10878
[  160283ms] [ERROR] WebSocket connection to 'ws://localhost:3000/_next/webpack-hmr?id=iIOtDMI1zDrSMjnWCpwl8' failed: Error in connection establishment: net::ERR_CONNECTION_REFUSED @ http://localhost:3000/_next/static/chunks/node_modules_next_dist_client_17643121._.js:10878
[  161285ms] [ERROR] WebSocket connection to 'ws://localhost:3000/_next/webpack-hmr?id=iIOtDMI1zDrSMjnWCpwl8' failed: Error in connection establishment: net::ERR_CONNECTION_REFUSED @ http://localhost:3000/_next/static/chunks/node_modules_next_dist_client_17643121._.js:10878
[  166287ms] [ERROR] WebSocket connection to 'ws://localhost:3000/_next/webpack-hmr?id=iIOtDMI1zDrSMjnWCpwl8' failed: Error in connection establishment: net::ERR_CONNECTION_REFUSED @ http://localhost:3000/_next/static/chunks/node_modules_next_dist_client_17643121._.js:10878
[  171290ms] [ERROR] WebSocket connection to 'ws://localhost:3000/_next/webpack-hmr?id=iIOtDMI1zDrSMjnWCpwl8' failed: Error in connection establishment: net::ERR_CONNECTION_REFUSED @ http://localhost:3000/_next/static/chunks/node_modules_next_dist_client_17643121._.js:10878
[  176293ms] [ERROR] WebSocket connection to 'ws://localhost:3000/_next/webpack-hmr?id=iIOtDMI1zDrSMjnWCpwl8' failed: Error in connection establishment: net::ERR_CONNECTION_REFUSED @ http://localhost:3000/_next/static/chunks/node_modules_next_dist_client_17643121._.js:10878
[  181299ms] [ERROR] WebSocket connection to 'ws://localhost:3000/_next/webpack-hmr?id=iIOtDMI1zDrSMjnWCpwl8' failed: Error in connection establishment: net::ERR_CONNECTION_REFUSED @ http://localhost:3000/_next/static/chunks/node_modules_next_dist_client_17643121._.js:10878
[  186304ms] [ERROR] WebSocket connection to 'ws://localhost:3000/_next/webpack-hmr?id=iIOtDMI1zDrSMjnWCpwl8' failed: Error in connection establishment: net::ERR_CONNECTION_REFUSED @ http://localhost:3000/_next/static/chunks/node_modules_next_dist_client_17643121._.js:10878
[  191313ms] [ERROR] WebSocket connection to 'ws://localhost:3000/_next/webpack-hmr?id=iIOtDMI1zDrSMjnWCpwl8' failed: Error in connection establishment: net::ERR_CONNECTION_REFUSED @ http://localhost:3000/_next/static/chunks/node_modules_next_dist_client_17643121._.js:10878
[  196319ms] [ERROR] WebSocket connection to 'ws://localhost:3000/_next/webpack-hmr?id=iIOtDMI1zDrSMjnWCpwl8' failed: Error in connection establishment: net::ERR_CONNECTION_REFUSED @ http://localhost:3000/_next/static/chunks/node_modules_next_dist_client_17643121._.js:10878
